2025-04-20 15:47:51,832 - uav_deconfliction - INFO - Loading missions from output\delivery_missions_raw_20250420_154312.json
2025-04-20 15:47:51,833 - uav_deconfliction - INFO - Processing primary mission PRIMARY_DRONE_1
2025-04-20 15:47:51,833 - uav_deconfliction - INFO - Checking conflicts for mission PRIMARY_DRONE_1
2025-04-20 15:47:53,442 - uav_deconfliction - INFO - Conflict check completed in 1.61 seconds
2025-04-20 15:47:53,445 - uav_deconfliction - INFO - Status: conflict detected
2025-04-20 15:47:53,445 - uav_deconfliction - INFO - Number of conflicts: 8
2025-04-20 15:47:53,446 - uav_deconfliction - INFO - First 5 conflicts:
2025-04-20 15:47:53,446 - uav_deconfliction - INFO - Conflict 1:
2025-04-20 15:47:53,449 - uav_deconfliction - INFO -   Time: 32.40s
2025-04-20 15:47:53,450 - uav_deconfliction - INFO -   Location: (622.0, 738.0, 109.4)
2025-04-20 15:47:53,451 - uav_deconfliction - INFO -   Between: PRIMARY_DRONE_1 and SIM_DRONE_5
2025-04-20 15:47:53,452 - uav_deconfliction - INFO -   Distance: 142.1m
2025-04-20 15:47:53,452 - uav_deconfliction - INFO - Conflict 2:
2025-04-20 15:47:53,453 - uav_deconfliction - INFO -   Time: 32.46s
2025-04-20 15:47:53,453 - uav_deconfliction - INFO -   Location: (622.8, 738.8, 109.3)
2025-04-20 15:47:53,453 - uav_deconfliction - INFO -   Between: PRIMARY_DRONE_1 and SIM_DRONE_5
2025-04-20 15:47:53,454 - uav_deconfliction - INFO -   Distance: 141.2m
2025-04-20 15:47:53,454 - uav_deconfliction - INFO - Conflict 3:
2025-04-20 15:47:53,454 - uav_deconfliction - INFO -   Time: 33.46s
2025-04-20 15:47:53,455 - uav_deconfliction - INFO -   Location: (636.3, 752.6, 108.8)
2025-04-20 15:47:53,455 - uav_deconfliction - INFO -   Between: PRIMARY_DRONE_1 and SIM_DRONE_5
2025-04-20 15:47:53,455 - uav_deconfliction - INFO -   Distance: 125.8m
2025-04-20 15:47:53,455 - uav_deconfliction - INFO - Conflict 4:
2025-04-20 15:47:53,456 - uav_deconfliction - INFO -   Time: 34.46s
2025-04-20 15:47:53,456 - uav_deconfliction - INFO -   Location: (649.8, 766.4, 108.2)
2025-04-20 15:47:53,456 - uav_deconfliction - INFO -   Between: PRIMARY_DRONE_1 and SIM_DRONE_5
2025-04-20 15:47:53,456 - uav_deconfliction - INFO -   Distance: 111.6m
2025-04-20 15:47:53,457 - uav_deconfliction - INFO - Conflict 5:
2025-04-20 15:47:53,457 - uav_deconfliction - INFO -   Time: 35.46s
2025-04-20 15:47:53,457 - uav_deconfliction - INFO -   Location: (663.3, 780.2, 107.6)
2025-04-20 15:47:53,457 - uav_deconfliction - INFO -   Between: PRIMARY_DRONE_1 and SIM_DRONE_5
2025-04-20 15:47:53,457 - uav_deconfliction - INFO -   Distance: 99.3m
2025-04-20 15:48:38,055 - uav_deconfliction - INFO - Conflict visualization saved to: output\plots\conflicts_20250420_154753.png
2025-04-20 15:48:38,169 - uav_deconfliction - INFO - UAV Strategic Deconfliction System completed successfully
